Point00 0.2605 0.6913
Point01 0.7535 0.1888
Point02 0.6464 0.4533
Point03 0.8025 0.3499
Point04 0.5298 0.2574
Point05 0.3617 0.8717
Point06 0.8064 0.8860
Point07 0.1975 0.3999
Point08 0.9166 0.7109
Point09 0.5210 0.4179
Point10 0.2597 0.1704
Point11 0.2301 0.5692
Point12 0.9612 0.6027
Point13 0.5605 0.0207
Point14 0.0780 0.4023
Point15 0.3805 0.5994
Point16 0.3477 0.2021
Point17 0.4602 0.6944
Point18 0.0167 0.7986
Point19 0.0517 0.9400
Point20 0.1104 0.8377
Point21 0.0271 0.5167
Point22 0.7541 0.8557
Point23 0.6405 0.4957
Point24 0.7930 0.1318
Point25 0.7011 0.0314
Point26 0.0152 0.9496
Point27 0.5761 0.3642
Point28 0.7378 0.2873
Point29 0.9795 0.5318
Point30 0.3817 0.6619
Point31 0.9402 0.4097
Point32 0.9291 0.8369
Point33 0.6990 0.1999
Point34 0.8382 0.3684
Point35 0.5318 0.7721
Point36 0.0676 0.5168
Point37 0.6618 0.3218
Point38 0.3567 0.8739
Point39 0.4900 0.6576
Point40 0.8017 0.1722
Point41 0.3453 0.0533
Point42 0.0681 0.1293
Point43 0.8379 0.0099
Point44 0.2907 0.8572
Point45 0.6835 0.4586
Point46 0.8237 0.3168
Point47 0.5606 0.9089
Point48 0.5265 0.5378
Point49 0.1584 0.7931
Point50 0.1958 0.8357
Point51 0.0820 0.7941
Point52 0.0886 0.0590
Point53 0.6891 0.2548
Point54 0.2193 0.9778
Point55 0.2514 0.8620
Point56 0.2598 0.2852
Point57 0.0578 0.6762
Point58 0.4243 0.3241
Point59 0.2054 0.2326
Point60 0.6761 0.5755
Point61 0.8606 0.8789
Point62 0.9609 0.1495
Point63 0.7168 0.7356
Point64 0.9389 0.0022
Point65 0.2204 0.6642
Point66 0.8670 0.3718
Point67 0.8948 0.4114
Point68 0.8637 0.9744
Point69 0.7522 0.6623
Point70 0.7795 0.8268
Point71 0.3492 0.0764
Point72 0.2915 0.1763
Point73 0.5176 0.5125
Point74 0.6403 0.9089
Point75 0.1817 0.5487
Point76 0.6394 0.9789
Point77 0.9565 0.0974
Point78 0.1971 0.8583
Point79 0.4188 0.3835
Point80 0.6149 0.7382
Point81 0.0360 0.8029
Point82 0.3508 0.2335
Point83 0.7478 0.2144
Point84 0.7707 0.6370
Point85 0.1028 0.0279
Point86 0.6488 0.3512
Point87 0.6710 0.0491
Point88 0.8251 0.9829
Point89 0.1788 0.4157
Point90 0.4770 0.7314
Point91 0.4391 0.1170
Point92 0.9248 0.1206
Point93 0.6876 0.5293
Point94 0.7491 0.8306
Point95 0.3802 0.1158
Point96 0.2745 0.3706
Point97 0.8501 0.9444
Point98 0.1457 0.5998
Point99 0.4848 0.9560
